<?xml version="1.0" encoding="UTF-8"?>
<!-- Generated by org.testng.reporters.JUnitXMLReporter -->
<testsuite hostname="sailakshmi-PC" ignored="1" name="Page Object Model Test" tests="6" failures="1" timestamp="14 Jul 2019 13:54:44 GMT" time="138.401" errors="0">
  <testcase name="loginCorrectCredentialsTest" time="7.971" classname="com.qa.testcases.LoginPageTest"/>
  <testcase name="verifyLoginPageTitleTest" time="7.766" classname="com.qa.testcases.LoginPageTest">
    <failure type="java.lang.AssertionError" message="expected [HubSpot Login1] but found [HubSpot Login]">
      <![CDATA[java.lang.AssertionError: expected [HubSpot Login1] but found [HubSpot Login]
at com.qa.testcases.LoginPageTest.verifyLoginPageTitleTest(LoginPageTest.java:53)
... Removed 31 stack frames]]>
    </failure>
  </testcase> <!-- verifyLoginPageTitleTest -->
  <testcase name="verifySignUpLinkTest" time="7.516" classname="com.qa.testcases.LoginPageTest"/>
  <testcase name="verifyContactsLinkTest" time="21.196" classname="com.qa.testcases.HomePageTest"/>
  <testcase name="verifyHomePageHeaderTest" time="10.756" classname="com.qa.testcases.HomePageTest"/>
  <testcase name="verifyHomePageTitleTest" time="7.407" classname="com.qa.testcases.HomePageTest"/>
  <testcase name="verifyDealsLinkTest" time="0.0" classname="com.qa.testcases.HomePageTest">
    <ignored/>
  </testcase> <!-- verifyDealsLinkTest -->
</testsuite> <!-- Page Object Model Test -->
