<?xml version="1.0" encoding="UTF-8"?>
<testng-results skipped="0" failed="1" ignored="1" total="7" passed="5">
  <reporter-output>
  </reporter-output>
  <suite name="Automation Test Suite" duration-ms="138401" started-at="2019-07-14T13:52:25Z" finished-at="2019-07-14T13:54:43Z">
    <groups>
    </groups>
    <test name="Page Object Model Test" duration-ms="138401" started-at="2019-07-14T13:52:25Z" finished-at="2019-07-14T13:54:43Z">
      <class name="com.qa.testcases.HomePageTest">
        <test-method status="PASS" signature="setUp()[pri:0, instance:com.qa.testcases.HomePageTest@27d415d9]" name="setUp" is-config="true" duration-ms="17578" started-at="2019-07-14T13:53:16Z" finished-at="2019-07-14T13:53:34Z">
          <reporter-output>
          </reporter-output>
        </test-method> <!-- setUp -->
        <test-method status="PASS" signature="verifyContactsLinkTest()[pri:0, instance:com.qa.testcases.HomePageTest@27d415d9]" name="verifyContactsLinkTest" duration-ms="21196" started-at="2019-07-14T13:53:34Z" finished-at="2019-07-14T13:53:55Z">
          <reporter-output>
          </reporter-output>
        </test-method> <!-- verifyContactsLinkTest -->
        <test-method status="PASS" signature="tearDown()[pri:0, instance:com.qa.testcases.HomePageTest@27d415d9]" name="tearDown" is-config="true" duration-ms="777" started-at="2019-07-14T13:53:55Z" finished-at="2019-07-14T13:53:56Z">
          <reporter-output>
          </reporter-output>
        </test-method> <!-- tearDown -->
        <test-method status="PASS" signature="setUp()[pri:0, instance:com.qa.testcases.HomePageTest@27d415d9]" name="setUp" is-config="true" duration-ms="13367" started-at="2019-07-14T13:53:56Z" finished-at="2019-07-14T13:54:09Z">
          <reporter-output>
          </reporter-output>
        </test-method> <!-- setUp -->
        <test-method status="PASS" signature="verifyHomePageHeaderTest()[pri:0, instance:com.qa.testcases.HomePageTest@27d415d9]" name="verifyHomePageHeaderTest" duration-ms="10756" started-at="2019-07-14T13:54:09Z" finished-at="2019-07-14T13:54:20Z">
          <reporter-output>
          </reporter-output>
        </test-method> <!-- verifyHomePageHeaderTest -->
        <test-method status="PASS" signature="tearDown()[pri:0, instance:com.qa.testcases.HomePageTest@27d415d9]" name="tearDown" is-config="true" duration-ms="734" started-at="2019-07-14T13:54:20Z" finished-at="2019-07-14T13:54:20Z">
          <reporter-output>
          </reporter-output>
        </test-method> <!-- tearDown -->
        <test-method status="PASS" signature="setUp()[pri:0, instance:com.qa.testcases.HomePageTest@27d415d9]" name="setUp" is-config="true" duration-ms="14923" started-at="2019-07-14T13:54:20Z" finished-at="2019-07-14T13:54:35Z">
          <reporter-output>
          </reporter-output>
        </test-method> <!-- setUp -->
        <test-method status="PASS" signature="verifyHomePageTitleTest()[pri:0, instance:com.qa.testcases.HomePageTest@27d415d9]" name="verifyHomePageTitleTest" duration-ms="7407" started-at="2019-07-14T13:54:35Z" finished-at="2019-07-14T13:54:43Z">
          <reporter-output>
          </reporter-output>
        </test-method> <!-- verifyHomePageTitleTest -->
        <test-method status="PASS" signature="tearDown()[pri:0, instance:com.qa.testcases.HomePageTest@27d415d9]" name="tearDown" is-config="true" duration-ms="681" started-at="2019-07-14T13:54:43Z" finished-at="2019-07-14T13:54:43Z">
          <reporter-output>
          </reporter-output>
        </test-method> <!-- tearDown -->
      </class> <!-- com.qa.testcases.HomePageTest -->
      <class name="com.qa.testcases.LoginPageTest">
        <test-method status="PASS" signature="setUp()[pri:0, instance:com.qa.testcases.LoginPageTest@fcd6521]" name="setUp" is-config="true" duration-ms="10299" started-at="2019-07-14T13:52:25Z" finished-at="2019-07-14T13:52:35Z">
          <reporter-output>
          </reporter-output>
        </test-method> <!-- setUp -->
        <test-method status="PASS" signature="loginCorrectCredentialsTest()[pri:0, instance:com.qa.testcases.LoginPageTest@fcd6521]" name="loginCorrectCredentialsTest" duration-ms="7971" started-at="2019-07-14T13:52:35Z" finished-at="2019-07-14T13:52:43Z">
          <reporter-output>
          </reporter-output>
        </test-method> <!-- loginCorrectCredentialsTest -->
        <test-method status="PASS" signature="tearDown()[pri:0, instance:com.qa.testcases.LoginPageTest@fcd6521]" name="tearDown" is-config="true" duration-ms="646" started-at="2019-07-14T13:52:43Z" finished-at="2019-07-14T13:52:44Z">
          <reporter-output>
          </reporter-output>
        </test-method> <!-- tearDown -->
        <test-method status="PASS" signature="setUp()[pri:0, instance:com.qa.testcases.LoginPageTest@fcd6521]" name="setUp" is-config="true" duration-ms="6519" started-at="2019-07-14T13:52:44Z" finished-at="2019-07-14T13:52:51Z">
          <reporter-output>
          </reporter-output>
        </test-method> <!-- setUp -->
        <test-method status="FAIL" signature="verifyLoginPageTitleTest()[pri:0, instance:com.qa.testcases.LoginPageTest@fcd6521]" name="verifyLoginPageTitleTest" duration-ms="7766" started-at="2019-07-14T13:52:51Z" finished-at="2019-07-14T13:52:58Z">
          <exception class="java.lang.AssertionError">
            <message>
              <![CDATA[expected [HubSpot Login1] but found [HubSpot Login]]]>
            </message>
            <full-stacktrace>
              <![CDATA[java.lang.AssertionError: expected [HubSpot Login1] but found [HubSpot Login]
at org.testng.Assert.fail(Assert.java:96)
at org.testng.Assert.failNotEquals(Assert.java:776)
at org.testng.Assert.assertEqualsImpl(Assert.java:137)
at org.testng.Assert.assertEquals(Assert.java:118)
at org.testng.Assert.assertEquals(Assert.java:453)
at org.testng.Assert.assertEquals(Assert.java:463)
at com.qa.testcases.LoginPageTest.verifyLoginPageTitleTest(LoginPageTest.java:53)
at sun.reflect.NativeMethodAccessorImpl.invoke0(Native Method)
at sun.reflect.NativeMethodAccessorImpl.invoke(NativeMethodAccessorImpl.java:62)
at sun.reflect.DelegatingMethodAccessorImpl.invoke(DelegatingMethodAccessorImpl.java:43)
at java.lang.reflect.Method.invoke(Method.java:498)
at org.testng.internal.MethodInvocationHelper.invokeMethod(MethodInvocationHelper.java:124)
at org.testng.internal.Invoker.invokeMethod(Invoker.java:583)
at org.testng.internal.Invoker.invokeTestMethod(Invoker.java:719)
at org.testng.internal.Invoker.invokeTestMethods(Invoker.java:989)
at org.testng.internal.TestMethodWorker.invokeTestMethods(TestMethodWorker.java:125)
at org.testng.internal.TestMethodWorker.run(TestMethodWorker.java:109)
at org.testng.TestRunner.privateRun(TestRunner.java:648)
at org.testng.TestRunner.run(TestRunner.java:505)
at org.testng.SuiteRunner.runTest(SuiteRunner.java:455)
at org.testng.SuiteRunner.runSequentially(SuiteRunner.java:450)
at org.testng.SuiteRunner.privateRun(SuiteRunner.java:415)
at org.testng.SuiteRunner.run(SuiteRunner.java:364)
at org.testng.SuiteRunnerWorker.runSuite(SuiteRunnerWorker.java:52)
at org.testng.SuiteRunnerWorker.run(SuiteRunnerWorker.java:84)
at org.testng.TestNG.runSuitesSequentially(TestNG.java:1208)
at org.testng.TestNG.runSuitesLocally(TestNG.java:1137)
at org.testng.TestNG.runSuites(TestNG.java:1049)
at org.testng.TestNG.run(TestNG.java:1017)
at org.testng.remote.AbstractRemoteTestNG.run(AbstractRemoteTestNG.java:114)
at org.testng.remote.RemoteTestNG.initAndRun(RemoteTestNG.java:251)
at org.testng.remote.RemoteTestNG.main(RemoteTestNG.java:77)
]]>
            </full-stacktrace>
          </exception> <!-- java.lang.AssertionError -->
          <reporter-output>
          </reporter-output>
        </test-method> <!-- verifyLoginPageTitleTest -->
        <test-method status="PASS" signature="tearDown()[pri:0, instance:com.qa.testcases.LoginPageTest@fcd6521]" name="tearDown" is-config="true" duration-ms="808" started-at="2019-07-14T13:52:59Z" finished-at="2019-07-14T13:53:00Z">
          <reporter-output>
          </reporter-output>
        </test-method> <!-- tearDown -->
        <test-method status="PASS" signature="setUp()[pri:0, instance:com.qa.testcases.LoginPageTest@fcd6521]" name="setUp" is-config="true" duration-ms="7385" started-at="2019-07-14T13:53:00Z" finished-at="2019-07-14T13:53:08Z">
          <reporter-output>
          </reporter-output>
        </test-method> <!-- setUp -->
        <test-method status="PASS" signature="verifySignUpLinkTest()[pri:0, instance:com.qa.testcases.LoginPageTest@fcd6521]" name="verifySignUpLinkTest" duration-ms="7516" started-at="2019-07-14T13:53:08Z" finished-at="2019-07-14T13:53:15Z">
          <reporter-output>
          </reporter-output>
        </test-method> <!-- verifySignUpLinkTest -->
        <test-method status="PASS" signature="tearDown()[pri:0, instance:com.qa.testcases.LoginPageTest@fcd6521]" name="tearDown" is-config="true" duration-ms="925" started-at="2019-07-14T13:53:15Z" finished-at="2019-07-14T13:53:16Z">
          <reporter-output>
          </reporter-output>
        </test-method> <!-- tearDown -->
      </class> <!-- com.qa.testcases.LoginPageTest -->
    </test> <!-- Page Object Model Test -->
  </suite> <!-- Automation Test Suite -->
</testng-results>
